----------------------------------------------------------------
Sun Oct 08 23:57:24 EDT 2017:
Booting Derby version The Apache Software Foundation - Apache Derby - 10.10.2.0 - (1582446): instance a816c00e-015e-ff47-b916-0000069258d0 
on database directory memory:C:\Users\barodriguez\Documents\NetBeansProjects\Fitness\testDB with class loader sun.misc.Launcher$AppClassLoader@26ba2a48 
Loaded from file:/C:/Program%20Files/glassfish-4.1.1/javadb/lib/derby.jar
java.vendor=Oracle Corporation
java.runtime.version=1.8.0_144-b01
user.dir=C:\Users\barodriguez\Documents\NetBeansProjects\Fitness
os.name=Windows 10
os.arch=amd64
os.version=10.0
derby.system.home=null
Database Class Loader started - derby.database.classpath=''
----------------------------------------------------------------
Sun Oct 08 23:57:30 EDT 2017:
Shutting down instance a816c00e-015e-ff47-b916-0000069258d0 on database directory memory:C:\Users\barodriguez\Documents\NetBeansProjects\Fitness\testDB with class loader sun.misc.Launcher$AppClassLoader@26ba2a48 
----------------------------------------------------------------
Sun Oct 08 23:57:30 EDT 2017:
Booting Derby version The Apache Software Foundation - Apache Derby - 10.10.2.0 - (1582446): instance b5a2c0d3-015e-ff47-b916-0000069258d0 
on database directory memory:C:\Users\barodriguez\Documents\NetBeansProjects\Fitness\testDB with class loader sun.misc.Launcher$AppClassLoader@26ba2a48 
Loaded from file:/C:/Program%20Files/glassfish-4.1.1/javadb/lib/derby.jar
java.vendor=Oracle Corporation
java.runtime.version=1.8.0_144-b01
user.dir=C:\Users\barodriguez\Documents\NetBeansProjects\Fitness
os.name=Windows 10
os.arch=amd64
os.version=10.0
derby.system.home=null
Database Class Loader started - derby.database.classpath=''
----------------------------------------------------------------
Sun Oct 08 23:57:33 EDT 2017:
Shutting down instance b5a2c0d3-015e-ff47-b916-0000069258d0 on database directory memory:C:\Users\barodriguez\Documents\NetBeansProjects\Fitness\testDB with class loader sun.misc.Launcher$AppClassLoader@26ba2a48 
